Warning messages:
1: In evalq(as.numeric(moneyline_home), <environment>) :
  NAs introduced by coercion
2: In evalq(as.numeric(moneyline_away), <environment>) :
  NAs introduced by coercion
Backing up database as C:\Users\aelhabr\Documents\projects\nfl-predict\data\odds_tr-2018-09-21_17-00-08.sqlite as a precaution.
Writing to table odds_tr at 2018-09-21 17:00:08.
Warning messages:
1: In evalq(as.numeric(moneyline_home), <environment>) :
  NAs introduced by coercion
2: In evalq(as.numeric(moneyline_away), <environment>) :
  NAs introduced by coercion
Backing up database as C:\Users\aelhabr\Documents\projects\nfl-predict\data\odds_tr-2018-09-22_05-14-00.sqlite as a precaution.
Writing to table odds_tr at 2018-09-22 05:14:00.
Error: 39:5: unexpected symbol
38: 
39:     availabe.browse
        ^
Execution halted
Error: 39:5: unexpected symbol
38: 
39:     availabe.browse
        ^
Execution halted
Auto-refreshing stale OAuth token.
Error in mutate_impl(.data, dots) : 
  Evaluation error: Evaluation error: (converted from warning) NAs introduced by coercion..
Calls: do_get_odds_nfl_tr ... <Anonymous> -> mutate -> mutate.tbl_df -> mutate_impl -> .Call
Execution halted
Error in mutate_impl(.data, dots) : 
  Evaluation error: Evaluation error: (converted from warning) NAs introduced by coercion..
Calls: do_get_odds_nfl_tr ... <Anonymous> -> mutate -> mutate.tbl_df -> mutate_impl -> .Call
Execution halted
Auto-refreshing stale OAuth token.
Error in mutate_impl(.data, dots) : 
  Evaluation error: Evaluation error: (converted from warning) NAs introduced by coercion..
Calls: do_get_odds_nfl_tr ... <Anonymous> -> mutate -> mutate.tbl_df -> mutate_impl -> .Call
Execution halted
Auto-refreshing stale OAuth token.
Warning messages:
1: In if_else(total != "--", as.numeric(total), NA_real_) :
  NAs introduced by coercion
2: In if_else(moneyline_home != "--", as.numeric(moneyline_home), NA_real_) :
  NAs introduced by coercion
3: In if_else(moneyline_away != "--", as.numeric(moneyline_away), NA_real_) :
  NAs introduced by coercion
Backing up database as C:\Users\aelhabr\Documents\projects\nfl-predict\data\odds_tr-2018-09-25_05-00-10.sqlite as a precaution.
Writing to table odds_tr at 2018-09-25 05:00:11.
Auto-refreshing stale OAuth token.
Backing up database as C:\Users\aelhabr\Documents\projects\nfl-predict\data\odds_tr-2018-09-25_17-00-10.sqlite as a precaution.
Writing to table odds_tr at 2018-09-25 17:00:10.
Auto-refreshing stale OAuth token.
Backing up database as C:\Users\aelhabr\Documents\projects\nfl-predict\data\odds_tr-2018-09-26_05-00-12.sqlite as a precaution.
Writing to table odds_tr at 2018-09-26 05:00:12.
Auto-refreshing stale OAuth token.
Exporting as `.csv`.
Saving as data/odds_temp.csv.
Backing up database as C:\Users\aelhabr\Documents\projects\nfl-predict\data\odds_tr-2018-09-26_17-00-15.sqlite as a precaution.
Writing to table odds_tr at 2018-09-26 17:00:15.
Auto-refreshing stale OAuth token.
Exporting as `.csv`.
Saving as data/odds_temp.csv.
Backing up database as C:\Users\aelhabr\Documents\projects\nfl-predict\data\odds_tr-2018-09-27_05-00-12.sqlite as a precaution.
Writing to table odds_tr at 2018-09-27 05:00:12.
Auto-refreshing stale OAuth token.
Exporting as `.csv`.
Saving as data/odds_temp.csv.
Backing up database as C:\Users\aelhabr\Documents\projects\nfl-predict\data\odds_tr-2018-09-27_17-00-13.sqlite as a precaution.
Writing to table odds_tr at 2018-09-27 17:00:13.
Auto-refreshing stale OAuth token.
Exporting as `.csv`.
Saving as data/odds_temp.csv.
Backing up database as C:\Users\aelhabr\Documents\projects\nfl-predict\data\odds_tr-2018-09-28_05-00-12.sqlite as a precaution.
Writing to table odds_tr at 2018-09-28 05:00:12.
Auto-refreshing stale OAuth token.
Exporting as `.csv`.
Saving as data/odds_temp.csv.
Backing up database as C:\Users\aelhabr\Documents\projects\nfl-predict\data\odds_tr-2018-09-28_17-00-15.sqlite as a precaution.
Writing to table odds_tr at 2018-09-28 17:00:15.
Auto-refreshing stale OAuth token.
Exporting as `.csv`.
Saving as data/odds_temp.csv.
Backing up database as C:\Users\aelhabr\Documents\projects\nfl-predict\data\odds_tr-2018-09-29_05-00-12.sqlite as a precaution.
Writing to table odds_tr at 2018-09-29 05:00:12.
Auto-refreshing stale OAuth token.
Exporting as `.csv`.
Saving as data/odds_temp.csv.
Backing up database as C:\Users\aelhabr\Documents\projects\nfl-predict\data\odds_tr-2018-09-29_17-08-56.sqlite as a precaution.
Writing to table odds_tr at 2018-09-29 17:08:56.
Exporting as `.csv`.
Saving as data/odds_temp.csv.
Backing up database as C:\Users\aelhabr\Documents\projects\nfl-predict\data\odds_tr-2018-09-29_17-11-02.sqlite as a precaution.
Writing to table odds_tr at 2018-09-29 17:11:02.
Auto-refreshing stale OAuth token.
Exporting as `.csv`.
Saving as data/odds_temp.csv.
Backing up database as C:\Users\aelhabr\Documents\projects\nfl-predict\data\odds_tr-2018-09-30_05-00-13.sqlite as a precaution.
Writing to table odds_tr at 2018-09-30 05:00:13.
Exporting as `.csv`.
Saving as data/odds_temp.csv.
Backing up database as C:\Users\aelhabr\Documents\projects\nfl-predict\data\odds_tr-2018-09-30_13-12-48.sqlite as a precaution.
Writing to table odds_tr at 2018-09-30 13:12:48.
Auto-refreshing stale OAuth token.
Exporting as `.csv`.
Saving as data/odds_temp.csv.
Backing up database as C:\Users\aelhabr\Documents\projects\nfl-predict\data\odds_tr-2018-09-30_17-00-08.sqlite as a precaution.
Writing to table odds_tr at 2018-09-30 17:00:08.
Auto-refreshing stale OAuth token.
Warning messages:
1: In if_else(moneyline_home != "--", as.numeric(moneyline_home), NA_real_) :
  NAs introduced by coercion
2: In if_else(moneyline_away != "--", as.numeric(moneyline_away), NA_real_) :
  NAs introduced by coercion
Exporting as `.csv`.
Saving as data/odds_temp.csv.
Backing up database as C:\Users\aelhabr\Documents\projects\nfl-predict\data\odds_tr-2018-10-01_05-00-12.sqlite as a precaution.
Writing to table odds_tr at 2018-10-01 05:00:12.
Warning messages:
1: In if_else(moneyline_home != "--", as.numeric(moneyline_home), NA_real_) :
  NAs introduced by coercion
2: In if_else(moneyline_away != "--", as.numeric(moneyline_away), NA_real_) :
  NAs introduced by coercion
Error in loadNamespace(j <- i[[1L]], c(lib.loc, .libPaths()), versionCheck = vI[[j]]) : 
  there is no package called 'janitor'
Calls: %>% ... tryCatch -> tryCatchList -> tryCatchOne -> <Anonymous>
Execution halted
