Warning messages:
1: In evalq(as.numeric(spread_home), <environment>) :
  NAs introduced by coercion
2: In evalq(as.numeric(moneyline_home), <environment>) :
  NAs introduced by coercion
Writing to table nfl_game_odds at 2018-08-28 15:42:55
Warning messages:
1: In evalq(as.numeric(spread_home), <environment>) :
  NAs introduced by coercion
2: In evalq(as.numeric(moneyline_home), <environment>) :
  NAs introduced by coercion
Writing to table nfl_game_odds at 2018-08-29 05:19:09
Warning messages:
1: In evalq(as.numeric(spread_home), <environment>) :
  NAs introduced by coercion
2: In evalq(as.numeric(moneyline_home), <environment>) :
  NAs introduced by coercion
Writing to table nfl_game_odds at 2018-08-30 05:15:23
Warning messages:
1: In evalq(as.numeric(spread_home), <environment>) :
  NAs introduced by coercion
2: In evalq(as.numeric(moneyline_home), <environment>) :
  NAs introduced by coercion
Writing to table nfl_game_odds at 2018-08-30 05:57:23
Warning messages:
1: In evalq(as.numeric(spread_home), <environment>) :
  NAs introduced by coercion
2: In evalq(as.numeric(moneyline_home), <environment>) :
  NAs introduced by coercion
Writing to table nfl_game_odds at 2018-08-30 06:00:02
Warning messages:
1: In evalq(as.numeric(spread_home), <environment>) :
  NAs introduced by coercion
2: In evalq(as.numeric(moneyline_home), <environment>) :
  NAs introduced by coercion
Writing to table nfl_game_odds at 2018-08-31 05:16:31
Warning messages:
1: In evalq(as.numeric(spread_home), <environment>) :
  NAs introduced by coercion
2: In evalq(as.numeric(moneyline_home), <environment>) :
  NAs introduced by coercion
Writing to table nfl_game_odds at 2018-09-01 05:45:45
Warning messages:
1: In evalq(as.numeric(spread_home), <environment>) :
  NAs introduced by coercion
2: In evalq(as.numeric(moneyline_home), <environment>) :
  NAs introduced by coercion
Writing to table nfl_game_odds at 2018-09-02 05:22:32
Warning messages:
1: In evalq(as.numeric(spread_home), <environment>) :
  NAs introduced by coercion
2: In evalq(as.numeric(moneyline_home), <environment>) :
  NAs introduced by coercion
Writing to table nfl_game_odds at 2018-09-03 05:36:29
Warning messages:
1: In evalq(as.numeric(spread_home), <environment>) :
  NAs introduced by coercion
2: In evalq(as.numeric(moneyline_home), <environment>) :
  NAs introduced by coercion
Writing to table nfl_game_odds at 2018-09-04 05:29:16
Warning messages:
1: In evalq(as.numeric(spread_home), <environment>) :
  NAs introduced by coercion
2: In evalq(as.numeric(moneyline_home), <environment>) :
  NAs introduced by coercion
Writing to table nfl_game_odds at 2018-09-05 05:17:11
Writing to table nfl_game_odds at 2018-09-06 05:12:44
Writing to table nfl_game_odds at 2018-09-06 05:30:03
Writing to table nfl_game_odds at 2018-09-06 18:42:05
Writing to table nfl_game_odds at 2018-09-07 05:30:05
Writing to table nfl_game_odds at 2018-09-08 06:32:55
Writing to table nfl_game_odds at 2018-09-08 09:11:22
Writing to table nfl_game_odds at 2018-09-08 09:15:03
Writing to table nfl_game_odds at 2018-09-08 09:20:04
Writing to table nfl_game_odds at 2018-09-08 09:25:03
Writing to table nfl_game_odds at 2018-09-08 09:26:47
Writing to table nfl_game_odds at 2018-09-08 09:30:02
Writing to table nfl_game_odds at 2018-09-08 09:35:02
Writing to table nfl_game_odds at 2018-09-09 05:18:57
Warning messages:
1: In evalq(as.numeric(moneyline_home), <environment>) :
  NAs introduced by coercion
2: In evalq(as.numeric(moneyline_home), <environment>) :
  NAs introduced by coercion
3: In evalq(as.numeric(moneyline_home), <environment>) :
  NAs introduced by coercion
Writing to table nfl_game_odds at 2018-09-10 05:50:36
Warning message:
In evalq(as.numeric(moneyline_home), <environment>) :
  NAs introduced by coercion
Writing to table nfl_game_odds at 2018-09-11 05:17:32
